<?xml version="1.0" encoding="UTF-8"?>
<testng-results skipped="0" failed="0" total="1" passed="1">
  <reporter-output>
  </reporter-output>
  <suite name="Default suite" duration-ms="4471" started-at="2016-06-16T01:39:05Z" finished-at="2016-06-16T01:39:09Z">
    <groups>
    </groups>
    <test name="Default test" duration-ms="4471" started-at="2016-06-16T01:39:05Z" finished-at="2016-06-16T01:39:09Z">
      <class name="com.walmart.test.homeuserapplication.TestHomeUserApplication">
        <test-method status="PASS" signature="testHomeUserApplication()[pri:0, instance:com.walmart.test.homeuserapplication.TestHomeUserApplication@61a485d2]" name="testHomeUserApplication" duration-ms="4450" started-at="2016-06-15T20:39:05Z" finished-at="2016-06-15T20:39:09Z">
          <reporter-output>
          </reporter-output>
        </test-method> <!-- testHomeUserApplication -->
      </class> <!-- com.walmart.test.homeuserapplication.TestHomeUserApplication -->
    </test> <!-- Default test -->
  </suite> <!-- Default suite -->
</testng-results>
